<?xml version="1.0" encoding="UTF-8"?>
<!-- Generated by org.testng.reporters.JUnitReportReporter -->
<testsuite hostname="SuryaChowdary" failures="0" tests="2" name="Seleniumfolder.ParallelTesting" time="46.886" errors="0" timestamp="2021-09-03T18:24:08 IST" skipped="0">
  <testcase classname="Seleniumfolder.ParallelTesting" name="ChromeLogin" time="22.086"/>
  <system-out/>
  <testcase classname="Seleniumfolder.ParallelTesting" name="MozillaLogin" time="24.800"/>
  <system-out/>
</testsuite> <!-- Seleniumfolder.ParallelTesting -->
