<?xml version="1.0" encoding="UTF-8"?>
<!-- Generated by org.testng.reporters.JUnitReportReporter -->
<testsuite hostname="SuryaChowdary" failures="0" tests="1" name="Seleniumfolder.TestNG_first_program" time="0.020" errors="0" timestamp="2021-09-03T09:16:52 IST" skipped="0">
  <testcase classname="Seleniumfolder.TestNG_first_program" name="Hello" time="0.020"/>
  <system-out/>
</testsuite> <!-- Seleniumfolder.TestNG_first_program -->
