<?xml version="1.0" encoding="UTF-8"?>
<!-- Generated by org.testng.reporters.JUnitReportReporter -->
<testsuite hostname="SuryaChowdary" failures="0" tests="6" name="Seleniumfolder.TestNG_Groups_example" time="0.104" errors="0" timestamp="2021-09-03T09:29:50 IST" skipped="1">
  <testcase classname="Seleniumfolder.TestNG_Groups_example" name="TestCase1" time="0.036"/>
  <system-out/>
  <testcase classname="Seleniumfolder.TestNG_Groups_example" name="TestCase2" time="0.014"/>
  <system-out/>
  <testcase classname="Seleniumfolder.TestNG_Groups_example" name="TestCase3" time="0.008"/>
  <system-out/>
  <testcase classname="Seleniumfolder.TestNG_Groups_example" name="TestCase4" time="0.036"/>
  <system-out/>
  <testcase classname="Seleniumfolder.TestNG_Groups_example" name="TestCase6" time="0.010"/>
  <system-out/>
  <testcase classname="Seleniumfolder.TestNG_Groups_example" name="TestCase5">
    <skipped/>
  </testcase> <!-- TestCase5 -->
  <system-out/>
</testsuite> <!-- Seleniumfolder.TestNG_Groups_example -->
