<?xml version="1.0" encoding="UTF-8"?>
<!-- Generated by org.testng.reporters.JUnitReportReporter -->
<testsuite hostname="SuryaChowdary" failures="0" tests="2" name="Seleniumfolder.TestNG_Example4" time="68.856" errors="0" timestamp="2021-09-03T06:57:41 IST" skipped="0">
  <testcase classname="Seleniumfolder.TestNG_Example4" name="verifyProfile" time="28.316"/>
  <system-out/>
  <testcase classname="Seleniumfolder.TestNG_Example4" name="SearchAnyProduct" time="40.540"/>
  <system-out/>
</testsuite> <!-- Seleniumfolder.TestNG_Example4 -->
