<?xml version="1.0" encoding="UTF-8"?>
<!-- Generated by org.testng.reporters.JUnitReportReporter -->
<testsuite hostname="SuryaChowdary" failures="0" tests="1" name="Seleniumfolder.TestNG_Example3" time="12.274" errors="0" timestamp="2021-09-03T06:30:04 IST" skipped="0">
  <testcase classname="Seleniumfolder.TestNG_Example3" name="Verify_Login" time="12.274"/>
  <system-out/>
</testsuite> <!-- Seleniumfolder.TestNG_Example3 -->
