<?xml version="1.0" encoding="UTF-8"?>
<!-- Generated by org.testng.reporters.JUnitReportReporter -->
<testsuite hostname="SuryaChowdary" failures="0" tests="1" name="Seleniumfolder.TestNGAnnotations" time="0.014" errors="0" timestamp="2021-09-02T07:19:21 IST" skipped="0">
  <testcase classname="Seleniumfolder.TestNGAnnotations" name="Test" time="0.014"/>
  <system-out/>
</testsuite> <!-- Seleniumfolder.TestNGAnnotations -->
