<?xml version="1.0" encoding="UTF-8"?>
<!-- Generated by org.testng.reporters.JUnitReportReporter -->
<testsuite hostname="SuryaChowdary" failures="0" tests="1" name="Seleniumfolder.TestNG_prameters" time="21.941" errors="0" timestamp="2021-09-03T09:27:14 IST" skipped="0">
  <testcase classname="Seleniumfolder.TestNG_prameters" name="Login" time="21.941"/>
  <system-out/>
</testsuite> <!-- Seleniumfolder.TestNG_prameters -->
