<?xml version="1.0" encoding="UTF-8"?>
<!-- Generated by org.testng.reporters.JUnitReportReporter -->
<testsuite hostname="SuryaChowdary" failures="0" tests="3" name="Seleniumfolder.TestNG_Example_program2" time="0.018" errors="0" timestamp="2021-09-02T07:47:38 IST" skipped="0">
  <testcase classname="Seleniumfolder.TestNG_Example_program2" name="AddtoCart" time="0.008"/>
  <system-out/>
  <testcase classname="Seleniumfolder.TestNG_Example_program2" name="Cancel_order" time="0.006"/>
  <system-out/>
  <testcase classname="Seleniumfolder.TestNG_Example_program2" name="MakePayment" time="0.004"/>
  <system-out/>
</testsuite> <!-- Seleniumfolder.TestNG_Example_program2 -->
